(---------------------------------------------------------------------)
(                                                                     )
(    Refresh Padstack                                                 )
(                                                                     )
(    Drawing          : SOD323.dra                                    )
(    Software Version : 16.6P004                                      )
(    Date/Time        : Mon Feb 08 22:38:57 2016                      )
(                                                                     )
(---------------------------------------------------------------------)


Mon Feb 08 22:38:57 2016				Page     1


------ Pad Stack Refresh Options ------

Input design = 'SOD323.dra'
Output design = ''
Reset symbol text and size locations = 'NO'


------ Library Paths ------
PSMPATH =  . 
           symbols 
           .. 
           ../symbols 
           C:/Cadence/SPB_16.6/share/local/pcb/symbols 
           C:/Cadence/SPB_16.6/share/pcb/pcb_lib/symbols 
           C:/Cadence/SPB_16.6/share/pcb/allegrolib/symbols 
           C:/USERS/THEBH/DESKTOP/DTF/GIT/CLAY/CADENCE/CIS_DATABASE/FOOTPRINTS/SMT 
           C:/Users/thebh/Desktop/dtf/git/clay/Cadence/CIS_Database/Footprints/PTH 

PADPATH =  . 
           symbols 
           .. 
           ../symbols 
           C:/Cadence/SPB_16.6/share/local/pcb/padstacks 
           C:/Cadence/SPB_16.6/share/pcb/pcb_lib/symbols 
           C:/Cadence/SPB_16.6/share/pcb/allegrolib/symbols 
           C:/Users/thebh/Desktop/dtf/git/clay/Cadence/CIS_Database/Pads/SMT 
           C:/Users/thebh/Desktop/dtf/git/clay/Cadence/CIS_Database/Pads/PTH 


------ Pad Stack Refresh Messages ------

'R033_025'  pad stack refresh starting.

     'R033_025'  pad stack refreshed successfully.
     
'R033_063'  pad stack refresh starting.

     'R033_063'  pad stack refreshed successfully.
     
Completed refreshing all pad stacks successfully.
