(---------------------------------------------------------------------)
(                                                                     )
(    Shape Island Report                                              )
(                                                                     )
(    Drawing          : CLAYR6.brd                                    )
(    Software Version : 16.6P004                                      )
(    Date/Time        : Fri Feb 12 23:10:38 2016                      )
(                                                                     )
(---------------------------------------------------------------------)


  Total islands on design: 56


  <<<  ETCH  >>>

    Layer = TOP
	Point on shape: (739.59 -973.16)  Net: GND
	Point on shape: (608.79 -962.53)  Net: GND
	Point on shape: (869.98 -885.68)  Net: GND
	Point on shape: (-376.37 -681.60)  Net: GND
	Point on shape: (-710.99 -253.58)  Net: GND
	Point on shape: (-12.55 -21.46)  Net: GND
	Point on shape: (283.64 262.12)  Net: GND
	Point on shape: (-191.84 364.59)  Net: GND
	Point on shape: (115.01 521.26)  Net: GND
	Point on shape: (-914.02 648.51)  Net: GND
	Point on shape: (531.25 -914.12)  Net: GND
	Point on shape: (-103.98 -702.03)  Net: GND
	Point on shape: (-3.98 -702.03)  Net: GND
	Point on shape: (96.02 -702.03)  Net: GND
	Point on shape: (241.98 -590.64)  Net: GND
	Point on shape: (78.80 -454.18)  Net: GND
	Point on shape: (147.73 -435.98)  Net: GND
	Point on shape: (686.02 -203.98)  Net: GND
	Point on shape: (-3.61 -137.60)  Net: GND
	Point on shape: (-582.90 -106.97)  Net: GND
	Point on shape: (603.43 -103.98)  Net: GND
	Point on shape: (604.43 -3.98)  Net: GND
	Point on shape: (-588.98 86.52)  Net: GND
	Point on shape: (603.43 96.02)  Net: GND
	Point on shape: (-129.27 354.02)  Net: GND
	Point on shape: (525.52 360.52)  Net: GND
	Point on shape: (-185.95 473.64)  Net: GND
	Point on shape: (-93.76 501.17)  Net: GND
	Point on shape: (58.79 524.02)  Net: GND
	Point on shape: (-354.98 527.52)  Net: GND
	Point on shape: (-101.50 570.25)  Net: GND
	Point on shape: (3.98 603.43)  Net: GND
	Point on shape: (147.85 662.87)  Net: GND
	Point on shape: (47.85 677.10)  Net: GND

    Layer = BOTTOM
	Point on shape: (-61.71 -653.04)  Net: GND
	Point on shape: (26.29 -641.03)  Net: GND
	Point on shape: (711.57 -143.29)  Net: GND
	Point on shape: (-482.38 -53.02)  Net: GND
	Point on shape: (-592.68 -40.98)  Net: GND
	Point on shape: (-198.50 -115.75)  Net: GND
	Point on shape: (700.61 -90.98)  Net: GND
	Point on shape: (-630.59 84.16)  Net: GND
	Point on shape: (15.43 254.02)  Net: GND
	Point on shape: (-640.27 319.98)  Net: GND
	Point on shape: (135.71 587.98)  Net: GND
	Point on shape: (-45.90 739.55)  Net: GND
	Point on shape: (-223.98 738.49)  Net: GND
	Point on shape: (750.17 -976.58)  Net: GND
	Point on shape: (-486.67 -502.38)  Net: GND
	Point on shape: (-168.68 -346.57)  Net: GND
	Point on shape: (272.86 -115.99)  Net: GND
	Point on shape: (-548.41 -28.16)  Net: GND
	Point on shape: (-190.02 422.38)  Net: GND
	Point on shape: (-35.27 463.02)  Net: GND

    Layer = PWR
	Point on shape: (795.28 534.19)  Net: VCC
	Point on shape: (973.45 741.92)  Net: VCC
