(---------------------------------------------------------------------)
(                                                                     )
(    NC DRILL Log                                                     )
(                                                                     )
(    Drawing          : #Taaaaak06048.tmp                             )
(    Software Version : 16.6P004                                      )
(    Date/Time        : Sun Dec 13 22:34:20 2015                      )
(                                                                     )
(---------------------------------------------------------------------)



 Processing NC Parameters file 'nc_param.txt' ...

 NC PARAMETERS
 -------------

 FORMAT   		2.4
 MACHINE-OFFSET		x:0.000000	y:0.000000
 FEEDRATE		1
 COORDINATES		ABSOLUTE
 OUTPUT-UNITS		ENGLISH
 TOOL-ORDER		INCREASING
 REPEAT-CODES		YES
 SUPPRESS-LEAD-ZEROES	YES
 SUPPRESS-TRAIL-ZEROES	NO
 SUPPRESS-EQUAL		NO
 TOOL-SELECT		YES
 HEADER			none
 LEADER			12
 CODE			ASCII
 SEPARATE		NO
 SEPARATE-ROUTING	NO
 OPTIMIZE_DRILLING	NO
 ENHANCED_EXCELLON	NO
 SCALE			1.000000

 WARNING(SPMHMF-360): Design precision is greater than that of the drill output file data.
 WARNING(SPMHMF-361): Data rounding errors are very possible.
 WARNING(SPMHMF-368): Cannot find NC Drill tool file 'nc_tools.txt'
 WARNING(SPMHMF-369): ... will auto-generate tool file 'nc_tools_auto.txt'.


     Auto-generating tool file 'nc_tools_auto.txt' ...

           Size  Plating  Tool        + Tolerance  - Tolerance

          12.00  P        T01            0.000000     0.000000
          16.00  P        T02            0.000000     0.000000
          30.00  P        T03            0.000000     0.000000
          40.00  P        T04            0.000000     0.000000
          36.00  N        T05            0.000000     0.000000


 Drill files being output to directory 'E:/git/clay/Circuit/R6/allegro' ...



     'CLAYR6-1-4.drl' created for holes connecting TOP and BOTTOM
     ------------------------------------------------------------

     Tool  Num     Size      +/- Tolerance     Plating   Quantity

     T01    1.  12.0000    0.0000/  0.0000      PLATED        505
     T02    2.  16.0000    0.0000/  0.0000      PLATED          3
     T03    3.  30.0000    0.0000/  0.0000      PLATED          2
     T04    4.  40.0000    0.0000/  0.0000      PLATED         38

     ---- Total holes:                                        548

     ---- Total head travel:              18.20 feet (5.55 meters)




     'CLAYR6-1-1-np.drl' created for holes connecting TOP and TOP
     ------------------------------------------------------------

     Tool  Num     Size      +/- Tolerance     Plating   Quantity

     T05    1.  36.0000    0.0000/  0.0000  NON_PLATED          2

     ---- Total holes:                                          2

     ---- Total head travel:              0.01 feet (0.00 meters)

