(---------------------------------------------------------------------)
(                                                                     )
(    ARTWORK LOG                                                      )
(                                                                     )
(    Drawing          : CLAYc6r3.brd                                  )
(    Software Version : 16.6P004                                      )
(    Date/Time        : Sun Mar 06 08:34:24 2016                      )
(                                                                     )
(---------------------------------------------------------------------)


 ---- Photoplot outline rectangle not found ... using drawing extents




 Can't open parameter file ... using default values:
     DEVICE-TYPE        GERBER6X00
     G-CODES            NO
     STATIONS-PER-WHEEL 24
     FILM-SIZE          24000 16000
     COORDINATES        ABSOLUTE
     OUTPUT-UNITS       INCHES
     FORMAT             5.3
     ABORT-ON-ERROR     abort film & continue
     SUPPRESS-LEAD-ZEROES     YES
     SUPPRESS-TRAIL-ZEROES    NO
     OPTIMIZE           YES
     SUPPRESS-EQUAL     YES
     SCALE              1.0




================================================================
     PROCESSING FILM < TOP >
     TO FILE < E:/git/clay/Circuit/R6_1/allegro_c6r3/TOP.art > ...
================================================================

  FILM PARAMETERS :
  ---------------------------------------------------------
  Undefined line width                0.00
  Mirror code                         NONE
  Rotate angle                        NONE
  Offset x:                           0.00
  Offset y:                           0.00
  Plot negative                       NO
  Suppress unconnected internal pads  NO
  Draw holes only                     NO



  APERTURES USED:
  ---------------------------------------------------------
  TYPE       SIZE/NAME                   ROT   MIRROR MODE 
  ---------------------------------------------------------
  CIRCLE     0.00600                                  DARK 
  CIRCLE     0.01000                                  DARK 
  CIRCLE     0.01200                                  DARK 
  CIRCLE     0.01400                                  DARK 
  CIRCLE     0.01500                                  DARK 
  CIRCLE     0.01520                                  DARK 
  CIRCLE     0.01600                                  DARK 
  CIRCLE     0.02000                                  DARK 
  CIRCLE     0.02400                                  DARK 
  CIRCLE     0.03000                                  DARK 
  CIRCLE     0.03200                                  DARK 
  CIRCLE     0.03937                                  DARK 
  CIRCLE     0.04800                                  DARK 
  CIRCLE     0.05000                                  DARK 
  CIRCLE     0.07000                                  DARK 
  SQUARE     0.10000                     0.000 NO     DARK 
  SQUARE     0.14800                     0.000 NO     DARK 
  RECTANGLE  0.00800     x 0.01500       0.000 NO     DARK 
  RECTANGLE  0.00800     x 0.01500      90.000 NO     DARK 
  RECTANGLE  0.00900     x 0.01500       0.000 NO     DARK 
  RECTANGLE  0.00900     x 0.01500      90.000 NO     DARK 
  RECTANGLE  0.00900     x 0.02000       0.000 NO     DARK 
  RECTANGLE  0.00900     x 0.02000      90.000 NO     DARK 
  RECTANGLE  0.01100     x 0.03300      90.000 NO     DARK 
  RECTANGLE  0.01200     x 0.01800       0.000 NO     DARK 
  RECTANGLE  0.01200     x 0.01800      90.000 NO     DARK 
  RECTANGLE  0.01200     x 0.05500       0.000 NO     DARK 
  RECTANGLE  0.01200     x 0.05500      90.000 NO     DARK 
  RECTANGLE  0.02000     x 0.02400      90.000 NO     DARK 
  RECTANGLE  0.02000     x 0.03000       0.000 NO     DARK 
  RECTANGLE  0.02000     x 0.03000      45.000 NO     DARK 
  RECTANGLE  0.02000     x 0.03000      90.000 NO     DARK 
  RECTANGLE  0.02000     x 0.03000     135.000 NO     DARK 
  RECTANGLE  0.02200     x 0.05500       0.000 NO     DARK 
  RECTANGLE  0.02400     x 0.01000      90.000 NO     DARK 
  RECTANGLE  0.02400     x 0.02400     135.000 NO     DARK 
  RECTANGLE  0.02500     x 0.04500       0.000 NO     DARK 
  RECTANGLE  0.02500     x 0.04500      90.000 NO     DARK 
  RECTANGLE  0.03000     x 0.05500       0.000 NO     DARK 
  RECTANGLE  0.03000     x 0.11000      90.000 NO     DARK 
  RECTANGLE  0.03100     x 0.03500       0.000 NO     DARK 
  RECTANGLE  0.03100     x 0.06600      45.000 NO     DARK 
  RECTANGLE  0.03200     x 0.06300       0.000 NO     DARK 
  RECTANGLE  0.03200     x 0.06300      90.000 NO     DARK 
  RECTANGLE  0.03300     x 0.02500       0.000 NO     DARK 
  RECTANGLE  0.03800     x 0.04000       0.000 NO     DARK 
  RECTANGLE  0.03800     x 0.04000      90.000 NO     DARK 
  RECTANGLE  0.04000     x 0.04400       0.000 NO     DARK 
  RECTANGLE  0.04000     x 0.10600      90.000 NO     DARK 
  RECTANGLE  0.04800     x 0.07900       0.000 NO     DARK 
  RECTANGLE  0.04800     x 0.07900      90.000 NO     DARK 
  RECTANGLE  0.05200     x 0.13400       0.000 NO     DARK 
  RECTANGLE  0.05700     x 0.07000       0.000 NO     DARK 
  RECTANGLE  0.06000     x 0.04700       0.000 NO     DARK 
  RECTANGLE  0.06300     x 0.07900      90.000 NO     DARK 
  PAD SHAPE  TPS612_LAND                90.000 NO     DARK 

     TOP created with warnings


================================================================
     PROCESSING FILM < GND >
     TO FILE < E:/git/clay/Circuit/R6_1/allegro_c6r3/GND.art > ...
================================================================

  FILM PARAMETERS :
  ---------------------------------------------------------
  Undefined line width                0.00
  Mirror code                         NONE
  Rotate angle                        NONE
  Offset x:                           0.00
  Offset y:                           0.00
  Plot negative                       NO
  Suppress unconnected internal pads  NO
  Draw holes only                     NO



  APERTURES USED:
  ---------------------------------------------------------
  TYPE       SIZE/NAME                   ROT   MIRROR MODE 
  ---------------------------------------------------------
  CIRCLE     0.01000                                  DARK 
  CIRCLE     0.01600                                  DARK 
  CIRCLE     0.02400                                  DARK 
  CIRCLE     0.03200                                  DARK 
  CIRCLE     0.04800                                  DARK 
  CIRCLE     0.05000                                  DARK 
  CIRCLE     0.07000                                  DARK 

     GND created with warnings


================================================================
     PROCESSING FILM < PWR >
     TO FILE < E:/git/clay/Circuit/R6_1/allegro_c6r3/PWR.art > ...
================================================================

  FILM PARAMETERS :
  ---------------------------------------------------------
  Undefined line width                0.00
  Mirror code                         NONE
  Rotate angle                        NONE
  Offset x:                           0.00
  Offset y:                           0.00
  Plot negative                       NO
  Suppress unconnected internal pads  NO
  Draw holes only                     NO



  APERTURES USED:
  ---------------------------------------------------------
  TYPE       SIZE/NAME                   ROT   MIRROR MODE 
  ---------------------------------------------------------
  CIRCLE     0.01000                                  DARK 
  CIRCLE     0.01600                                  DARK 
  CIRCLE     0.02400                                  DARK 
  CIRCLE     0.03200                                  DARK 
  CIRCLE     0.04800                                  DARK 
  CIRCLE     0.05000                                  DARK 
  CIRCLE     0.07000                                  DARK 

     PWR created with warnings


================================================================
     PROCESSING FILM < BOTTOM >
     TO FILE < E:/git/clay/Circuit/R6_1/allegro_c6r3/BOTTOM.art > ...
================================================================

  FILM PARAMETERS :
  ---------------------------------------------------------
  Undefined line width                0.00
  Mirror code                         NONE
  Rotate angle                        NONE
  Offset x:                           0.00
  Offset y:                           0.00
  Plot negative                       NO
  Suppress unconnected internal pads  NO
  Draw holes only                     NO



  APERTURES USED:
  ---------------------------------------------------------
  TYPE       SIZE/NAME                   ROT   MIRROR MODE 
  ---------------------------------------------------------
  CIRCLE     0.00600                                  DARK 
  CIRCLE     0.01000                                  DARK 
  CIRCLE     0.01600                                  DARK 
  CIRCLE     0.02400                                  DARK 
  CIRCLE     0.03200                                  DARK 
  CIRCLE     0.04800                                  DARK 
  CIRCLE     0.05000                                  DARK 
  CIRCLE     0.07000                                  DARK 

     BOTTOM created with warnings


================================================================
     PROCESSING FILM < OUTLINE >
     TO FILE < E:/git/clay/Circuit/R6_1/allegro_c6r3/OUTLINE.art > ...
================================================================

  FILM PARAMETERS :
  ---------------------------------------------------------
  Undefined line width                10.00
  Mirror code                         NONE
  Rotate angle                        NONE
  Offset x:                           0.00
  Offset y:                           0.00
  Plot negative                       NO
  Suppress unconnected internal pads  NO
  Draw holes only                     NO



  APERTURES USED:
  ---------------------------------------------------------
  TYPE       SIZE/NAME                   ROT   MIRROR MODE 
  ---------------------------------------------------------
  CIRCLE     0.01000                                  DARK 

     OUTLINE created with warnings


================================================================
     PROCESSING FILM < SILK_BOTTOM >
     TO FILE < E:/git/clay/Circuit/R6_1/allegro_c6r3/SILK_BOTTOM.art > ...
================================================================

  FILM PARAMETERS :
  ---------------------------------------------------------
  Undefined line width                10.00
  Mirror code                         NONE
  Rotate angle                        NONE
  Offset x:                           0.00
  Offset y:                           0.00
  Plot negative                       NO
  Suppress unconnected internal pads  NO
  Draw holes only                     NO



  APERTURES USED:
  ---------------------------------------------------------
  TYPE       SIZE/NAME                   ROT   MIRROR MODE 
  ---------------------------------------------------------
  CIRCLE     0.01200                                  DARK 
  CIRCLE     0.01700                                  DARK 

     SILK_BOTTOM created with warnings


================================================================
     PROCESSING FILM < PASTE_TOP >
     TO FILE < E:/git/clay/Circuit/R6_1/allegro_c6r3/PASTE_TOP.art > ...
================================================================

  FILM PARAMETERS :
  ---------------------------------------------------------
  Undefined line width                0.00
  Mirror code                         NONE
  Rotate angle                        NONE
  Offset x:                           0.00
  Offset y:                           0.00
  Plot negative                       NO
  Suppress unconnected internal pads  NO
  Draw holes only                     NO



  APERTURES USED:
  ---------------------------------------------------------
  TYPE       SIZE/NAME                   ROT   MIRROR MODE 
  ---------------------------------------------------------
  SQUARE     0.09000                     0.000 NO     DARK 
  SQUARE     0.13500                     0.000 NO     DARK 
  RECTANGLE  0.00700     x 0.01400       0.000 NO     DARK 
  RECTANGLE  0.00700     x 0.01400      90.000 NO     DARK 
  RECTANGLE  0.00800     x 0.01900       0.000 NO     DARK 
  RECTANGLE  0.00800     x 0.01900      90.000 NO     DARK 
  RECTANGLE  0.00900     x 0.01400       0.000 NO     DARK 
  RECTANGLE  0.00900     x 0.01400      90.000 NO     DARK 
  RECTANGLE  0.00900     x 0.03100      90.000 NO     DARK 
  RECTANGLE  0.01100     x 0.05200       0.000 NO     DARK 
  RECTANGLE  0.01100     x 0.05200      90.000 NO     DARK 
  RECTANGLE  0.01800     x 0.02800       0.000 NO     DARK 
  RECTANGLE  0.01800     x 0.02800      45.000 NO     DARK 
  RECTANGLE  0.01800     x 0.02800      90.000 NO     DARK 
  RECTANGLE  0.01800     x 0.02800     135.000 NO     DARK 
  RECTANGLE  0.01900     x 0.02300      90.000 NO     DARK 
  RECTANGLE  0.02000     x 0.05000       0.000 NO     DARK 
  RECTANGLE  0.02100     x 0.02000     135.000 NO     DARK 
  RECTANGLE  0.02200     x 0.00900      90.000 NO     DARK 
  RECTANGLE  0.02300     x 0.04300       0.000 NO     DARK 
  RECTANGLE  0.02300     x 0.04300      90.000 NO     DARK 
  RECTANGLE  0.02800     x 0.02200       0.000 NO     DARK 
  RECTANGLE  0.02800     x 0.05200       0.000 NO     DARK 
  RECTANGLE  0.02800     x 0.06000      45.000 NO     DARK 
  RECTANGLE  0.02800     x 0.10500      90.000 NO     DARK 
  RECTANGLE  0.03000     x 0.03300       0.000 NO     DARK 
  RECTANGLE  0.03000     x 0.06000       0.000 NO     DARK 
  RECTANGLE  0.03000     x 0.06000      90.000 NO     DARK 
  RECTANGLE  0.03000     x 0.10000      90.000 NO     DARK 
  RECTANGLE  0.03600     x 0.03800       0.000 NO     DARK 
  RECTANGLE  0.03600     x 0.03800      90.000 NO     DARK 
  RECTANGLE  0.03800     x 0.04000       0.000 NO     DARK 
  RECTANGLE  0.04500     x 0.07500       0.000 NO     DARK 
  RECTANGLE  0.04500     x 0.07500      90.000 NO     DARK 
  RECTANGLE  0.05000     x 0.06500       0.000 NO     DARK 
  RECTANGLE  0.05000     x 0.12500       0.000 NO     DARK 
  RECTANGLE  0.05500     x 0.04500       0.000 NO     DARK 
  RECTANGLE  0.06000     x 0.07500      90.000 NO     DARK 
  PAD SHAPE  TPS612_SOLDER_PASTE        90.000 NO     DARK 

     PASTE_TOP created with warnings


================================================================
     PROCESSING FILM < SOLDERMASK_TOP >
     TO FILE < E:/git/clay/Circuit/R6_1/allegro_c6r3/SOLDERMASK_TOP.art > ...
================================================================

  FILM PARAMETERS :
  ---------------------------------------------------------
  Undefined line width                0.00
  Mirror code                         NONE
  Rotate angle                        NONE
  Offset x:                           0.00
  Offset y:                           0.00
  Plot negative                       NO
  Suppress unconnected internal pads  NO
  Draw holes only                     NO



  APERTURES USED:
  ---------------------------------------------------------
  TYPE       SIZE/NAME                   ROT   MIRROR MODE 
  ---------------------------------------------------------
  CIRCLE     0.03000                                  DARK 
  CIRCLE     0.03200                                  DARK 
  CIRCLE     0.04800                                  DARK 
  CIRCLE     0.05000                                  DARK 
  CIRCLE     0.07000                                  DARK 
  CIRCLE     0.07874                                  DARK 
  SQUARE     0.10000                     0.000 NO     DARK 
  SQUARE     0.14800                     0.000 NO     DARK 
  RECTANGLE  0.00800     x 0.01500       0.000 NO     DARK 
  RECTANGLE  0.00800     x 0.01500      90.000 NO     DARK 
  RECTANGLE  0.00900     x 0.01500       0.000 NO     DARK 
  RECTANGLE  0.00900     x 0.01500      90.000 NO     DARK 
  RECTANGLE  0.00900     x 0.02000       0.000 NO     DARK 
  RECTANGLE  0.00900     x 0.02000      90.000 NO     DARK 
  RECTANGLE  0.01100     x 0.03300      90.000 NO     DARK 
  RECTANGLE  0.01200     x 0.01800       0.000 NO     DARK 
  RECTANGLE  0.01200     x 0.01800      90.000 NO     DARK 
  RECTANGLE  0.01200     x 0.05500       0.000 NO     DARK 
  RECTANGLE  0.01200     x 0.05500      90.000 NO     DARK 
  RECTANGLE  0.02000     x 0.02400      90.000 NO     DARK 
  RECTANGLE  0.02000     x 0.03000       0.000 NO     DARK 
  RECTANGLE  0.02000     x 0.03000      45.000 NO     DARK 
  RECTANGLE  0.02000     x 0.03000      90.000 NO     DARK 
  RECTANGLE  0.02000     x 0.03000     135.000 NO     DARK 
  RECTANGLE  0.02200     x 0.05500       0.000 NO     DARK 
  RECTANGLE  0.02400     x 0.01000      90.000 NO     DARK 
  RECTANGLE  0.02400     x 0.02400     135.000 NO     DARK 
  RECTANGLE  0.02500     x 0.04500       0.000 NO     DARK 
  RECTANGLE  0.02500     x 0.04500      90.000 NO     DARK 
  RECTANGLE  0.03000     x 0.05500       0.000 NO     DARK 
  RECTANGLE  0.03000     x 0.11000      90.000 NO     DARK 
  RECTANGLE  0.03100     x 0.03500       0.000 NO     DARK 
  RECTANGLE  0.03100     x 0.06600      45.000 NO     DARK 
  RECTANGLE  0.03200     x 0.06300       0.000 NO     DARK 
  RECTANGLE  0.03200     x 0.06300      90.000 NO     DARK 
  RECTANGLE  0.03300     x 0.02500       0.000 NO     DARK 
  RECTANGLE  0.03800     x 0.04000       0.000 NO     DARK 
  RECTANGLE  0.03800     x 0.04000      90.000 NO     DARK 
  RECTANGLE  0.04000     x 0.04400       0.000 NO     DARK 
  RECTANGLE  0.04000     x 0.10600      90.000 NO     DARK 
  RECTANGLE  0.04800     x 0.07900       0.000 NO     DARK 
  RECTANGLE  0.04800     x 0.07900      90.000 NO     DARK 
  RECTANGLE  0.05200     x 0.13400       0.000 NO     DARK 
  RECTANGLE  0.05700     x 0.07000       0.000 NO     DARK 
  RECTANGLE  0.06000     x 0.04700       0.000 NO     DARK 
  RECTANGLE  0.06300     x 0.07900      90.000 NO     DARK 
  PAD SHAPE  TPS612_LAND                90.000 NO     DARK 

     SOLDERMASK_TOP created with warnings


================================================================
     PROCESSING FILM < SOLDERMASK_BOTTOM >
     TO FILE < E:/git/clay/Circuit/R6_1/allegro_c6r3/SOLDERMASK_BOTTOM.art > ...
================================================================

  FILM PARAMETERS :
  ---------------------------------------------------------
  Undefined line width                0.00
  Mirror code                         NONE
  Rotate angle                        NONE
  Offset x:                           0.00
  Offset y:                           0.00
  Plot negative                       NO
  Suppress unconnected internal pads  NO
  Draw holes only                     NO



  APERTURES USED:
  ---------------------------------------------------------
  TYPE       SIZE/NAME                   ROT   MIRROR MODE 
  ---------------------------------------------------------
  CIRCLE     0.03200                                  DARK 
  CIRCLE     0.04800                                  DARK 
  CIRCLE     0.05000                                  DARK 
  CIRCLE     0.07000                                  DARK 

     SOLDERMASK_BOTTOM created with warnings


================================================================
     PROCESSING FILM < SILK_TOP >
     TO FILE < E:/git/clay/Circuit/R6_1/allegro_c6r3/SILK_TOP.art > ...
================================================================

  FILM PARAMETERS :
  ---------------------------------------------------------
  Undefined line width                10.00
  Mirror code                         NONE
  Rotate angle                        NONE
  Offset x:                           0.00
  Offset y:                           0.00
  Plot negative                       NO
  Suppress unconnected internal pads  NO
  Draw holes only                     NO

    WARNING: 0 width line found at (228.21 -554.06)
           ... using undefined line width of 10.00

    WARNING: Multiple 0 width lines; all will be treated the same as the first.
           ... using undefined line width of 10.00



  APERTURES USED:
  ---------------------------------------------------------
  TYPE       SIZE/NAME                   ROT   MIRROR MODE 
  ---------------------------------------------------------
  CIRCLE     0.00500                                  DARK 
  CIRCLE     0.00600                                  DARK 
  CIRCLE     0.01000                                  DARK 
  CIRCLE     0.01200                                  DARK 
  CIRCLE     0.01700                                  DARK 

     SILK_TOP created with warnings


------------------------------------------------------
 SUMMARY:
        TOP created with warnings
        GND created with warnings
        PWR created with warnings
        BOTTOM created with warnings
        OUTLINE created with warnings
        SILK_BOTTOM created with warnings
        PASTE_TOP created with warnings
        SOLDERMASK_TOP created with warnings
        SOLDERMASK_BOTTOM created with warnings
        SILK_TOP created with warnings

 ARTWORK had warnings
